<?xml version="1.0" encoding="UTF-8"?>
<!-- Generated by org.testng.reporters.JUnitReportReporter -->
<testsuite hostname="MISHRA" failures="0" tests="1" name="Practice.Sampledemo" time="0.011" errors="0" timestamp="2023-03-24T13:31:34 IST" skipped="0">
  <testcase classname="Practice.Sampledemo" name="demo" time="0.011"/>
  <system-out/>
</testsuite> <!-- Practice.Sampledemo -->
